2019-03-03 23:12:26 INFO - Starting OrderManagementApplication on MOEXT_LAVER with PID 14700 (C:\Users\ext_lavergarav\Downloads\order-management\order-management\bin\main started by ext_lavergarav in C:\Users\ext_lavergarav\Downloads\order-management\order-management) - txEpd= txRef= cmRef= nodeRef= usrTx= rhsRef= commerce= country= 
2019-03-03 23:12:26 INFO - No active profile set, falling back to default profiles: default - txEpd= txRef= cmRef= nodeRef= usrTx= rhsRef= commerce= country= 
2019-03-03 23:12:26 INFO - Refreshing org.springframework.boot.web.servlet.context.AnnotationConfigServletWebServerApplicationContext@f4ea7c: startup date [Sun Mar 03 23:12:26 CLST 2019]; root of context hierarchy - txEpd= txRef= cmRef= nodeRef= usrTx= rhsRef= commerce= country= 
2019-03-03 23:12:29 INFO - Tomcat initialized with port(s): 8085 (http) - txEpd= txRef= cmRef= nodeRef= usrTx= rhsRef= commerce= country= 
2019-03-03 23:12:29 INFO - Initializing ProtocolHandler ["http-nio-8085"] - txEpd= txRef= cmRef= nodeRef= usrTx= rhsRef= commerce= country= 
2019-03-03 23:12:29 INFO - Starting service [Tomcat] - txEpd= txRef= cmRef= nodeRef= usrTx= rhsRef= commerce= country= 
2019-03-03 23:12:29 INFO - Starting Servlet Engine: Apache Tomcat/8.5.32 - txEpd= txRef= cmRef= nodeRef= usrTx= rhsRef= commerce= country= 
2019-03-03 23:12:29 INFO - The APR based Apache Tomcat Native library which allows optimal performance in production environments was not found on the java.library.path: [C:\environments\oracle\java\8\jdk\bin;C:\WINDOWS\Sun\Java\bin;C:\WINDOWS\system32;C:\WINDOWS;C:/Program Files (x86)/Java/jre1.8.0_201/bin/client;C:/Program Files (x86)/Java/jre1.8.0_201/bin;C:/Program Files (x86)/Java/jre1.8.0_201/lib/i386;C:\Program Files\Docker\Docker\Resources\bin;C:\Program Files (x86)\Microsoft SDKs\Azure\CLI2\wbin;C:\Program Files (x86)\Common Files\Oracle\Java\javapath;C:\environments\oracle\db\10g\app\oracle\product\10.2.0\server\bin;C:\app\ext_lavergarav\product\12.1.0\dbhome_1\bin;C:\environments\oracle\db\12.1.0\dbhome_1\bin;C:\sybase\Shared\Sybase Central 4.3;C:\sybase\OCS-12_5\lib3p;C:\sybase\OCS-12_5\dll;C:\sybase\OCS-12_5\bin;C:\ProgramData\Oracle\Java\javapath;C:\Program Files (x86)\Intel\iCLS Client\;C:\Program Files\Intel\iCLS Client\;C:\Program Files\Common Files\Microsoft Shared\Microsoft Online Services;C:\Program Files (x86)\Common Files\Microsoft Shared\Microsoft Online Services;C:\WINDOWS\system32;C:\WINDOWS;C:\WINDOWS\System32\Wbem;C:\WINDOWS\System32\WindowsPowerShell\v1.0\;C:\Program Files\Intel\Intel(R) Management Engine Components\DAL;C:\Program Files\Intel\Intel(R) Management Engine Components\IPT;C:\Program Files (x86)\Intel\Intel(R) Management Engine Components\DAL;C:\Program Files (x86)\Intel\Intel(R) Management Engine Components\IPT;C:\Program Files\Intel\WiFi\bin\;C:\Program Files\Common Files\Intel\WirelessCommon\;C:\Program Files (x86)\Lenovo\Access Connections\;C:\Program Files\Lenovo\Fingerprint Manager Pro\;C:\Program Files\TortoiseSVN\bin;C:\Program Files (x86)\SDL International\SDLX;C:\Program Files\MATLAB\R2016b\bin;C:\WINDOWS\system32\config\systemprofile\.dnx\bin;C:\Program Files\Microsoft DNX\Dnvm\;C:\Program Files\Microsoft SQL Server\130\Tools\Binn\;C:\Program Files (x86)\PuTTY\;C:\Program Files\Java\jdk1.8.0_192\bin;C:\Users\ext_lavergarav\.azure-kubectl;C:\Program Files\Git\cmd;C:\Program Files (x86)\Nmap;C:\Program Files\Docker Toolbox;C:\Users\ext_lavergarav\Desktop\sts-bundle\sts-3.9.3.RELEASE;;.] - txEpd= txRef= cmRef= nodeRef= usrTx= rhsRef= commerce= country= 
2019-03-03 23:12:29 INFO - Initializing Spring embedded WebApplicationContext - txEpd= txRef= cmRef= nodeRef= usrTx= rhsRef= commerce= country= 
2019-03-03 23:12:29 INFO - Root WebApplicationContext: initialization completed in 3150 ms - txEpd= txRef= cmRef= nodeRef= usrTx= rhsRef= commerce= country= 
2019-03-03 23:12:29 INFO - Servlet dispatcherServlet mapped to [/] - txEpd= txRef= cmRef= nodeRef= usrTx= rhsRef= commerce= country= 
2019-03-03 23:12:29 INFO - Mapping filter: 'characterEncodingFilter' to: [/*] - txEpd= txRef= cmRef= nodeRef= usrTx= rhsRef= commerce= country= 
2019-03-03 23:12:29 INFO - Mapping filter: 'hiddenHttpMethodFilter' to: [/*] - txEpd= txRef= cmRef= nodeRef= usrTx= rhsRef= commerce= country= 
2019-03-03 23:12:29 INFO - Mapping filter: 'httpPutFormContentFilter' to: [/*] - txEpd= txRef= cmRef= nodeRef= usrTx= rhsRef= commerce= country= 
2019-03-03 23:12:29 INFO - Mapping filter: 'requestContextFilter' to: [/*] - txEpd= txRef= cmRef= nodeRef= usrTx= rhsRef= commerce= country= 
2019-03-03 23:12:30 INFO - Mapped "{[/sche/ormg/v1.0/order],methods=[POST]}" onto public org.springframework.http.ResponseEntity<rtl.tot.corp.sche.ormg.ordermanagement.ordermanagement.infraestructure.adapters.http.rest.domain.APIResponse> rtl.tot.corp.sche.ormg.ordermanagement.ordermanagement.controllers.PriceController.createProduct(rtl.tot.corp.sche.ormg.ordermanagement.ordermanagement.infraestructure.adapters.http.rest.domain.Order) - txEpd= txRef= cmRef= nodeRef= usrTx= rhsRef= commerce= country= 
2019-03-03 23:12:30 INFO - Mapped "{[/swagger-resources/configuration/security]}" onto public org.springframework.http.ResponseEntity<springfox.documentation.swagger.web.SecurityConfiguration> springfox.documentation.swagger.web.ApiResourceController.securityConfiguration() - txEpd= txRef= cmRef= nodeRef= usrTx= rhsRef= commerce= country= 
2019-03-03 23:12:30 INFO - Mapped "{[/swagger-resources/configuration/ui]}" onto public org.springframework.http.ResponseEntity<springfox.documentation.swagger.web.UiConfiguration> springfox.documentation.swagger.web.ApiResourceController.uiConfiguration() - txEpd= txRef= cmRef= nodeRef= usrTx= rhsRef= commerce= country= 
2019-03-03 23:12:30 INFO - Mapped "{[/swagger-resources]}" onto public org.springframework.http.ResponseEntity<java.util.List<springfox.documentation.swagger.web.SwaggerResource>> springfox.documentation.swagger.web.ApiResourceController.swaggerResources() - txEpd= txRef= cmRef= nodeRef= usrTx= rhsRef= commerce= country= 
2019-03-03 23:12:30 INFO - Mapped "{[/error]}" onto public org.springframework.http.ResponseEntity<java.util.Map<java.lang.String, java.lang.Object>> org.springframework.boot.autoconfigure.web.servlet.error.BasicErrorController.error(javax.servlet.http.HttpServletRequest) - txEpd= txRef= cmRef= nodeRef= usrTx= rhsRef= commerce= country= 
2019-03-03 23:12:30 INFO - Mapped "{[/error],produces=[text/html]}" onto public org.springframework.web.servlet.ModelAndView org.springframework.boot.autoconfigure.web.servlet.error.BasicErrorController.errorHtml(javax.servlet.http.HttpServletRequest,javax.servlet.http.HttpServletResponse) - txEpd= txRef= cmRef= nodeRef= usrTx= rhsRef= commerce= country= 
2019-03-03 23:12:30 INFO - Mapped URL path [/v2/api-docs] onto method [public org.springframework.http.ResponseEntity<springfox.documentation.spring.web.json.Json> springfox.documentation.swagger2.web.Swagger2Controller.getDocumentation(java.lang.String,javax.servlet.http.HttpServletRequest)] - txEpd= txRef= cmRef= nodeRef= usrTx= rhsRef= commerce= country= 
2019-03-03 23:12:30 INFO - Mapped URL path [/**/favicon.ico] onto handler of type [class org.springframework.web.servlet.resource.ResourceHttpRequestHandler] - txEpd= txRef= cmRef= nodeRef= usrTx= rhsRef= commerce= country= 
2019-03-03 23:12:30 INFO - Looking for @ControllerAdvice: org.springframework.boot.web.servlet.context.AnnotationConfigServletWebServerApplicationContext@f4ea7c: startup date [Sun Mar 03 23:12:26 CLST 2019]; root of context hierarchy - txEpd= txRef= cmRef= nodeRef= usrTx= rhsRef= commerce= country= 
2019-03-03 23:12:31 INFO - Mapped URL path [/webjars/**] onto handler of type [class org.springframework.web.servlet.resource.ResourceHttpRequestHandler] - txEpd= txRef= cmRef= nodeRef= usrTx= rhsRef= commerce= country= 
2019-03-03 23:12:31 INFO - Mapped URL path [/**] onto handler of type [class org.springframework.web.servlet.resource.ResourceHttpRequestHandler] - txEpd= txRef= cmRef= nodeRef= usrTx= rhsRef= commerce= country= 
2019-03-03 23:12:31 INFO - Registering beans for JMX exposure on startup - txEpd= txRef= cmRef= nodeRef= usrTx= rhsRef= commerce= country= 
2019-03-03 23:12:31 INFO - Starting beans in phase 2147483647 - txEpd= txRef= cmRef= nodeRef= usrTx= rhsRef= commerce= country= 
2019-03-03 23:12:31 INFO - Context refreshed - txEpd= txRef= cmRef= nodeRef= usrTx= rhsRef= commerce= country= 
2019-03-03 23:12:31 INFO - Found 1 custom documentation plugin(s) - txEpd= txRef= cmRef= nodeRef= usrTx= rhsRef= commerce= country= 
2019-03-03 23:12:31 INFO - Scanning for api listing references - txEpd= txRef= cmRef= nodeRef= usrTx= rhsRef= commerce= country= 
2019-03-03 23:12:31 INFO - Starting ProtocolHandler ["http-nio-8085"] - txEpd= txRef= cmRef= nodeRef= usrTx= rhsRef= commerce= country= 
2019-03-03 23:12:31 INFO - Using a shared selector for servlet write/read - txEpd= txRef= cmRef= nodeRef= usrTx= rhsRef= commerce= country= 
2019-03-03 23:12:31 INFO - Tomcat started on port(s): 8085 (http) with context path '' - txEpd= txRef= cmRef= nodeRef= usrTx= rhsRef= commerce= country= 
2019-03-03 23:12:31 INFO - Started OrderManagementApplication in 5.371 seconds (JVM running for 11.172) - txEpd= txRef= cmRef= nodeRef= usrTx= rhsRef= commerce= country= 
