2019-03-26 09:55:16 INFO - PETottusPMM - txEpd= txRef= cmRef= nodeRef= usrTx= rhsRef= commerce= country= 
2019-03-26 09:55:16 INFO - Create Order request. - txEpd= txRef= cmRef= nodeRef= usrTx= rhsRef= commerce= country= 
2019-03-26 09:55:16 INFO - Customer Order Saved successful  - txEpd= txRef= cmRef= nodeRef= usrTx= rhsRef= commerce= country= 
2019-03-26 09:55:16 INFO - Sending OrderCreateEvent integration Event %s - txEpd= txRef= cmRef= nodeRef= usrTx= rhsRef= commerce= country= 
2019-03-26 09:55:16 INFO - Recreating send link to 'tot-corp-orion-orderchanges-topic-mid' - txEpd= txRef= cmRef= nodeRef= usrTx= rhsRef= commerce= country= 
2019-03-26 09:55:16 INFO - RequestResponseLink - recreating internal send and receive links to $cbs - txEpd= txRef= cmRef= nodeRef= usrTx= rhsRef= commerce= country= 
2019-03-26 09:55:16 INFO - Creating connection to host 'tot-corp-orion-int-qa.servicebus.windows.net:5671' - txEpd= txRef= cmRef= nodeRef= usrTx= rhsRef= commerce= country= 
2019-03-26 09:55:18 INFO - Connection opened to host. - txEpd= txRef= cmRef= nodeRef= usrTx= rhsRef= commerce= country= 
2019-03-26 09:55:18 INFO - Recreated internal links to $cbs - txEpd= txRef= cmRef= nodeRef= usrTx= rhsRef= commerce= country= 
2019-03-26 09:55:18 INFO - Creating send link to 'tot-corp-orion-orderchanges-topic-mid' - txEpd= txRef= cmRef= nodeRef= usrTx= rhsRef= commerce= country= 
2019-03-26 09:55:18 INFO - Event published: {"orderId":"234","orderType":1,"orderLine":[{"pc":{"StorePC":{"orderId":null}},"preOrderList":[{"store":123,"dateDispatch":"2019-01-15","sku":[{"sku":"7373133","quantity":56.0}]}]},{"pc":{"WarehousePC":{"folioComuna":0,"observation":"string","purchaser":{"customerAddress":"","customerDocumentNumber":"56576672","customerDocumentType":"DNI","customerLastName":"Manrique","customerName":"Angelica","customerPhone":"string"},"receiver":{"receiverAddress":"Santiago Centro, 2332","receiverAddressLocationType":"D","receiverPostalCode":"102","receiverFloor":1,"receiverDocumentType":"DNI","receiverDocumentNumber":"48037257","receiverLastName":"Manrique","receiverSecondLastName":"De Cruch","receiverName":"Esteban","receiverPhone":"34534535","receiverMobile":"+51963720172","receiverEmail":"angela_1707@hotmail.com"}}},"preOrderList":[{"dispatchWh":0,"deliveryWh":0,"salesStore":0,"rutProvider":"string","folioDateDispatch":"2019-03-24","folioHourDispatch":"string","folioSkuDispatch":"string","folioPriceDispatch":120.0,"sku":[{"sku":"7373133","quantity":56.0}]}]}]} - txEpd= txRef= cmRef= nodeRef= usrTx= rhsRef= commerce= country= 
2019-03-26 09:55:18 INFO - Order Created successful %s  - txEpd= txRef= cmRef= nodeRef= usrTx= rhsRef= commerce= country= 
2019-03-26 10:05:18 WARN - Send link to 'tot-corp-orion-orderchanges-topic-mid' closed. Failing all pending send requests. - txEpd= txRef= cmRef= nodeRef= usrTx= rhsRef= commerce= country= 
2019-03-26 10:07:28 INFO - PETottusPMM - txEpd= txRef= cmRef= nodeRef= usrTx= rhsRef= commerce= country= 
2019-03-26 10:07:28 INFO - Create Order request. - txEpd= txRef= cmRef= nodeRef= usrTx= rhsRef= commerce= country= 
2019-03-26 10:07:28 INFO - Customer Order Saved successful  - txEpd= txRef= cmRef= nodeRef= usrTx= rhsRef= commerce= country= 
2019-03-26 10:07:28 INFO - Sending OrderCreateEvent integration Event %s - txEpd= txRef= cmRef= nodeRef= usrTx= rhsRef= commerce= country= 
2019-03-26 10:07:28 INFO - Recreating send link to 'tot-corp-orion-orderchanges-topic-mid' - txEpd= txRef= cmRef= nodeRef= usrTx= rhsRef= commerce= country= 
2019-03-26 10:07:29 INFO - Creating send link to 'tot-corp-orion-orderchanges-topic-mid' - txEpd= txRef= cmRef= nodeRef= usrTx= rhsRef= commerce= country= 
2019-03-26 10:07:29 INFO - Event published: {"orderId":"234","orderType":1,"orderLine":[{"pc":{"StorePC":{"orderId":null}},"preOrderList":[{"store":123,"dateDispatch":"2019-01-15","sku":[{"sku":"7373133","quantity":56.0}]}]},{"pc":{"WarehousePC":{"folioComuna":0,"observation":"string","purchaser":{"customerAddress":"","customerDocumentNumber":"56576672","customerDocumentType":"DNI","customerLastName":"Manrique","customerName":"Angelica","customerPhone":"string"},"receiver":{"receiverAddress":"Santiago Centro, 2332","receiverAddressLocationType":"D","receiverPostalCode":"102","receiverFloor":1,"receiverDocumentType":"DNI","receiverDocumentNumber":"48037257","receiverLastName":"Manrique","receiverSecondLastName":"De Cruch","receiverName":"Esteban","receiverPhone":"34534535","receiverMobile":"+51963720172","receiverEmail":"angela_1707@hotmail.com"}}},"preOrderList":[{"dispatchWh":0,"deliveryWh":0,"salesStore":0,"rutProvider":"string","folioDateDispatch":"2019-03-24","folioHourDispatch":"string","folioSkuDispatch":"string","folioPriceDispatch":120.0,"sku":[{"sku":"7373133","quantity":56.0}]}]}]} - txEpd= txRef= cmRef= nodeRef= usrTx= rhsRef= commerce= country= 
2019-03-26 10:07:29 INFO - Order Created successful %s  - txEpd= txRef= cmRef= nodeRef= usrTx= rhsRef= commerce= country= 
2019-03-26 10:17:29 WARN - Send link to 'tot-corp-orion-orderchanges-topic-mid' closed. Failing all pending send requests. - txEpd= txRef= cmRef= nodeRef= usrTx= rhsRef= commerce= country= 
2019-03-26 10:21:18 INFO - Application shutdown requested. - txEpd= txRef= cmRef= nodeRef= usrTx= rhsRef= commerce= country= 
2019-03-26 10:21:18 INFO - Shutting down ExecutorService 'applicationTaskExecutor' - txEpd= txRef= cmRef= nodeRef= usrTx= rhsRef= commerce= country= 
2019-03-26 10:21:29 INFO - Starting OrderManagementApplication on MOEXT_LAVER with PID 39904 (C:\addesa\API\Peru\Tottus\Orion\Desarrollo\order\cmd\order-management\bin\main started by ext_lavergarav in C:\addesa\API\Peru\Tottus\Orion\Desarrollo\order\cmd\order-management) - txEpd= txRef= cmRef= nodeRef= usrTx= rhsRef= commerce= country= 
2019-03-26 10:21:29 INFO - No active profile set, falling back to default profiles: default - txEpd= txRef= cmRef= nodeRef= usrTx= rhsRef= commerce= country= 
2019-03-26 10:21:31 INFO - Bootstrapping Spring Data repositories in DEFAULT mode. - txEpd= txRef= cmRef= nodeRef= usrTx= rhsRef= commerce= country= 
2019-03-26 10:21:31 INFO - Finished Spring Data repository scanning in 103ms. Found 1 repository interfaces. - txEpd= txRef= cmRef= nodeRef= usrTx= rhsRef= commerce= country= 
2019-03-26 10:21:32 INFO - Bean 'org.springframework.hateoas.config.HateoasConfiguration' of type [org.springframework.hateoas.config.HateoasConfiguration$$EnhancerBySpringCGLIB$$7a679d89] is not eligible for getting processed by all BeanPostProcessors (for example: not eligible for auto-proxying) - txEpd= txRef= cmRef= nodeRef= usrTx= rhsRef= commerce= country= 
2019-03-26 10:21:33 INFO - Tomcat initialized with port(s): 8095 (http) - txEpd= txRef= cmRef= nodeRef= usrTx= rhsRef= commerce= country= 
2019-03-26 10:21:33 INFO - Initializing ProtocolHandler ["http-nio-8095"] - txEpd= txRef= cmRef= nodeRef= usrTx= rhsRef= commerce= country= 
2019-03-26 10:21:33 INFO - Starting service [Tomcat] - txEpd= txRef= cmRef= nodeRef= usrTx= rhsRef= commerce= country= 
2019-03-26 10:21:33 INFO - Starting Servlet engine: [Apache Tomcat/9.0.14] - txEpd= txRef= cmRef= nodeRef= usrTx= rhsRef= commerce= country= 
2019-03-26 10:21:33 INFO - The APR based Apache Tomcat Native library which allows optimal performance in production environments was not found on the java.library.path: [C:\environments\oracle\java\8\jdk\bin;C:\WINDOWS\Sun\Java\bin;C:\WINDOWS\system32;C:\WINDOWS;C:/Program Files (x86)/Java/jre1.8.0_201/bin/client;C:/Program Files (x86)/Java/jre1.8.0_201/bin;C:/Program Files (x86)/Java/jre1.8.0_201/lib/i386;C:\Program Files\Docker\Docker\Resources\bin;C:\Program Files (x86)\Microsoft SDKs\Azure\CLI2\wbin;C:\Program Files (x86)\Common Files\Oracle\Java\javapath;C:\environments\oracle\db\10g\app\oracle\product\10.2.0\server\bin;C:\app\ext_lavergarav\product\12.1.0\dbhome_1\bin;C:\environments\oracle\db\12.1.0\dbhome_1\bin;C:\sybase\Shared\Sybase Central 4.3;C:\sybase\OCS-12_5\lib3p;C:\sybase\OCS-12_5\dll;C:\sybase\OCS-12_5\bin;C:\ProgramData\Oracle\Java\javapath;C:\Program Files (x86)\Intel\iCLS Client\;C:\Program Files\Intel\iCLS Client\;C:\Program Files\Common Files\Microsoft Shared\Microsoft Online Services;C:\Program Files (x86)\Common Files\Microsoft Shared\Microsoft Online Services;C:\WINDOWS\system32;C:\WINDOWS;C:\WINDOWS\System32\Wbem;C:\WINDOWS\System32\WindowsPowerShell\v1.0\;C:\Program Files\Intel\Intel(R) Management Engine Components\DAL;C:\Program Files\Intel\Intel(R) Management Engine Components\IPT;C:\Program Files (x86)\Intel\Intel(R) Management Engine Components\DAL;C:\Program Files (x86)\Intel\Intel(R) Management Engine Components\IPT;C:\Program Files\Intel\WiFi\bin\;C:\Program Files\Common Files\Intel\WirelessCommon\;C:\Program Files (x86)\Lenovo\Access Connections\;C:\Program Files\Lenovo\Fingerprint Manager Pro\;C:\Program Files\TortoiseSVN\bin;C:\Program Files (x86)\SDL International\SDLX;C:\Program Files\MATLAB\R2016b\bin;C:\WINDOWS\system32\config\systemprofile\.dnx\bin;C:\Program Files\Microsoft DNX\Dnvm\;C:\Program Files\Microsoft SQL Server\130\Tools\Binn\;C:\Program Files (x86)\PuTTY\;C:\Program Files\Java\jdk1.8.0_192\bin;C:\Users\ext_lavergarav\.azure-kubectl;C:\Program Files\Git\cmd;C:\Program Files (x86)\Nmap;C:\Program Files\Docker Toolbox;C:\Users\ext_lavergarav\Desktop\sts-bundle\sts-3.9.3.RELEASE;;.] - txEpd= txRef= cmRef= nodeRef= usrTx= rhsRef= commerce= country= 
2019-03-26 10:21:33 INFO - Initializing Spring embedded WebApplicationContext - txEpd= txRef= cmRef= nodeRef= usrTx= rhsRef= commerce= country= 
2019-03-26 10:21:33 INFO - Root WebApplicationContext: initialization completed in 3763 ms - txEpd= txRef= cmRef= nodeRef= usrTx= rhsRef= commerce= country= 
2019-03-26 10:21:34 INFO - Initializing DocumentClient with serviceEndpoint [https://tot-pe-sche-ormg-order-qa.documents.azure.com:443/], ConnectionPolicy [ConnectionPolicy [requestTimeout=60, mediaRequestTimeout=300, connectionMode=Gateway, mediaReadMode=Buffered, maxPoolSize=100, idleConnectionTimeout=60, userAgentSuffix=, retryOptions=com.microsoft.azure.documentdb.RetryOptions@721c12, enableEndpointDiscovery=true, preferredLocations=null]], ConsistencyLevel [Session] - txEpd= txRef= cmRef= nodeRef= usrTx= rhsRef= commerce= country= 
2019-03-26 10:21:39 INFO - Creating MessagingFactory to namespace 'sb://tot-corp-orion-int-qa.servicebus.windows.net/' - txEpd= txRef= cmRef= nodeRef= usrTx= rhsRef= commerce= country= 
2019-03-26 10:21:39 INFO - Creating messaging factory from namespace endpoint uri 'sb://tot-corp-orion-int-qa.servicebus.windows.net/' - txEpd= txRef= cmRef= nodeRef= usrTx= rhsRef= commerce= country= 
2019-03-26 10:21:39 INFO - Creating and starting reactor - txEpd= txRef= cmRef= nodeRef= usrTx= rhsRef= commerce= country= 
2019-03-26 10:21:39 INFO - Started reactor - txEpd= txRef= cmRef= nodeRef= usrTx= rhsRef= commerce= country= 
2019-03-26 10:21:39 INFO - starting reactor instance. - txEpd= txRef= cmRef= nodeRef= usrTx= rhsRef= commerce= country= 
2019-03-26 10:21:39 INFO - Creating connection to host 'tot-corp-orion-int-qa.servicebus.windows.net:5671' - txEpd= txRef= cmRef= nodeRef= usrTx= rhsRef= commerce= country= 
2019-03-26 10:21:41 INFO - MessagingFactory opened. - txEpd= txRef= cmRef= nodeRef= usrTx= rhsRef= commerce= country= 
2019-03-26 10:21:41 INFO - Connection opened to host. - txEpd= txRef= cmRef= nodeRef= usrTx= rhsRef= commerce= country= 
2019-03-26 10:21:41 INFO - Created MessagingFactory to namespace 'sb://tot-corp-orion-int-qa.servicebus.windows.net/' - txEpd= txRef= cmRef= nodeRef= usrTx= rhsRef= commerce= country= 
2019-03-26 10:21:41 INFO - Creating MessageSender to entity 'tot-corp-orion-orderchanges-topic-mid' - txEpd= txRef= cmRef= nodeRef= usrTx= rhsRef= commerce= country= 
2019-03-26 10:21:41 INFO - Creating CBS link to $cbs - txEpd= txRef= cmRef= nodeRef= usrTx= rhsRef= commerce= country= 
2019-03-26 10:21:41 INFO - Creating core message sender to 'tot-corp-orion-orderchanges-topic-mid' - txEpd= txRef= cmRef= nodeRef= usrTx= rhsRef= commerce= country= 
2019-03-26 10:21:41 INFO - Opened requestresponselink to $cbs - txEpd= txRef= cmRef= nodeRef= usrTx= rhsRef= commerce= country= 
2019-03-26 10:21:41 INFO - Created CBS link to $cbs - txEpd= txRef= cmRef= nodeRef= usrTx= rhsRef= commerce= country= 
2019-03-26 10:21:42 INFO - Creating send link to 'tot-corp-orion-orderchanges-topic-mid' - txEpd= txRef= cmRef= nodeRef= usrTx= rhsRef= commerce= country= 
2019-03-26 10:21:42 INFO - Opened send link to 'tot-corp-orion-orderchanges-topic-mid' - txEpd= txRef= cmRef= nodeRef= usrTx= rhsRef= commerce= country= 
2019-03-26 10:21:42 INFO - Created MessageSender to entity 'tot-corp-orion-orderchanges-topic-mid' - txEpd= txRef= cmRef= nodeRef= usrTx= rhsRef= commerce= country= 
2019-03-26 10:21:42 INFO - Created topic client to connection string 'Endpoint=sb://tot-corp-orion-int-qa.servicebus.windows.net/;EntityPath=tot-corp-orion-orderchanges-topic-mid;' - txEpd= txRef= cmRef= nodeRef= usrTx= rhsRef= commerce= country= 
2019-03-26 10:21:43 INFO - Exposing 2 endpoint(s) beneath base path '/actuator' - txEpd= txRef= cmRef= nodeRef= usrTx= rhsRef= commerce= country= 
2019-03-26 10:21:44 INFO - Mapped URL path [/v2/api-docs] onto method [public org.springframework.http.ResponseEntity<springfox.documentation.spring.web.json.Json> springfox.documentation.swagger2.web.Swagger2Controller.getDocumentation(java.lang.String,javax.servlet.http.HttpServletRequest)] - txEpd= txRef= cmRef= nodeRef= usrTx= rhsRef= commerce= country= 
2019-03-26 10:21:44 INFO - Initializing ExecutorService 'applicationTaskExecutor' - txEpd= txRef= cmRef= nodeRef= usrTx= rhsRef= commerce= country= 
2019-03-26 10:21:45 INFO - Context refreshed - txEpd= txRef= cmRef= nodeRef= usrTx= rhsRef= commerce= country= 
2019-03-26 10:21:45 INFO - Found 1 custom documentation plugin(s) - txEpd= txRef= cmRef= nodeRef= usrTx= rhsRef= commerce= country= 
2019-03-26 10:21:45 INFO - Scanning for api listing references - txEpd= txRef= cmRef= nodeRef= usrTx= rhsRef= commerce= country= 
2019-03-26 10:21:45 INFO - Starting ProtocolHandler ["http-nio-8095"] - txEpd= txRef= cmRef= nodeRef= usrTx= rhsRef= commerce= country= 
2019-03-26 10:21:45 INFO - Tomcat started on port(s): 8095 (http) with context path '' - txEpd= txRef= cmRef= nodeRef= usrTx= rhsRef= commerce= country= 
2019-03-26 10:21:45 INFO - Started OrderManagementApplication in 16.473 seconds (JVM running for 18.507) - txEpd= txRef= cmRef= nodeRef= usrTx= rhsRef= commerce= country= 
2019-03-26 10:21:51 INFO - Initializing Spring DispatcherServlet 'dispatcherServlet' - txEpd= txRef= cmRef= nodeRef= usrTx= rhsRef= commerce= country= 
2019-03-26 10:21:51 INFO - Initializing Servlet 'dispatcherServlet' - txEpd= txRef= cmRef= nodeRef= usrTx= rhsRef= commerce= country= 
2019-03-26 10:21:51 INFO - Completed initialization in 30 ms - txEpd= txRef= cmRef= nodeRef= usrTx= rhsRef= commerce= country= 
2019-03-26 10:21:51 INFO - PETottusPMM - txEpd= txRef= cmRef= nodeRef= usrTx= rhsRef= commerce= country= 
2019-03-26 10:21:51 INFO - Create Order request. - txEpd= txRef= cmRef= nodeRef= usrTx= rhsRef= commerce= country= 
2019-03-26 10:21:51 INFO - Customer Order Saved successful  - txEpd= txRef= cmRef= nodeRef= usrTx= rhsRef= commerce= country= 
2019-03-26 10:21:51 INFO - Sending OrderCreateEvent integration Event %s - txEpd= txRef= cmRef= nodeRef= usrTx= rhsRef= commerce= country= 
2019-03-26 10:21:52 INFO - Event published: {"orderId":"234","orderType":1,"orderLine":[{"pc":{"StorePC":{"orderId":null}},"preOrderList":[{"StorePreOrder":{"store":123,"dateDispatch":"2019-01-15","sku":[{"sku":"7373133","quantity":56.0}]}}]},{"pc":{"WarehousePC":{"folioComuna":0,"observation":"string","purchaser":{"customerAddress":"","customerDocumentNumber":"56576672","customerDocumentType":"DNI","customerLastName":"Manrique","customerName":"Angelica","customerPhone":"string"},"receiver":{"receiverAddress":"Santiago Centro, 2332","receiverAddressLocationType":"D","receiverPostalCode":"102","receiverFloor":1,"receiverDocumentType":"DNI","receiverDocumentNumber":"48037257","receiverLastName":"Manrique","receiverSecondLastName":"De Cruch","receiverName":"Esteban","receiverPhone":"34534535","receiverMobile":"+51963720172","receiverEmail":"angela_1707@hotmail.com"}}},"preOrderList":[{"WarehousePreOrder":{"dispatchWh":0,"deliveryWh":0,"salesStore":0,"rutProvider":"string","folioDateDispatch":"2019-03-24","folioHourDispatch":"string","folioSkuDispatch":"string","folioPriceDispatch":120.0,"sku":[{"sku":"7373133","quantity":56.0}]}}]}]} - txEpd= txRef= cmRef= nodeRef= usrTx= rhsRef= commerce= country= 
2019-03-26 10:21:52 INFO - Order Created successful %s  - txEpd= txRef= cmRef= nodeRef= usrTx= rhsRef= commerce= country= 
2019-03-26 10:22:31 INFO - PETottusPMM - txEpd= txRef= cmRef= nodeRef= usrTx= rhsRef= commerce= country= 
2019-03-26 10:22:31 INFO - Create Order request. - txEpd= txRef= cmRef= nodeRef= usrTx= rhsRef= commerce= country= 
2019-03-26 10:22:31 INFO - Customer Order Saved successful  - txEpd= txRef= cmRef= nodeRef= usrTx= rhsRef= commerce= country= 
2019-03-26 10:22:31 INFO - Sending OrderCreateEvent integration Event %s - txEpd= txRef= cmRef= nodeRef= usrTx= rhsRef= commerce= country= 
2019-03-26 10:22:31 INFO - Event published: {"orderId":"234","orderType":1,"orderLine":[{"pc":{"StorePC":{"orderId":null}},"preOrderList":[{"StorePreOrder":{"store":123,"dateDispatch":"2019-01-15","sku":[{"sku":"7373133","quantity":56.0}]}}]},{"pc":{"WarehousePC":{"folioComuna":0,"observation":"string","purchaser":{"customerAddress":"","customerDocumentNumber":"56576672","customerDocumentType":"DNI","customerLastName":"Manrique","customerName":"Angelica","customerPhone":"string"},"receiver":{"receiverAddress":"Santiago Centro, 2332","receiverAddressLocationType":"D","receiverPostalCode":"102","receiverFloor":1,"receiverDocumentType":"DNI","receiverDocumentNumber":"48037257","receiverLastName":"Manrique","receiverSecondLastName":"De Cruch","receiverName":"Esteban","receiverPhone":"34534535","receiverMobile":"+51963720172","receiverEmail":"angela_1707@hotmail.com"}}},"preOrderList":[{"WarehousePreOrder":{"dispatchWh":0,"deliveryWh":0,"salesStore":0,"rutProvider":"string","folioDateDispatch":"2019-03-24","folioHourDispatch":"string","folioSkuDispatch":"string","folioPriceDispatch":120.0,"sku":[{"sku":"7373133","quantity":56.0}]}}]}]} - txEpd= txRef= cmRef= nodeRef= usrTx= rhsRef= commerce= country= 
2019-03-26 10:22:31 INFO - Order Created successful %s  - txEpd= txRef= cmRef= nodeRef= usrTx= rhsRef= commerce= country= 
2019-03-26 10:32:31 WARN - Send link to 'tot-corp-orion-orderchanges-topic-mid' closed. Failing all pending send requests. - txEpd= txRef= cmRef= nodeRef= usrTx= rhsRef= commerce= country= 
2019-03-26 10:37:32 WARN - Internal send link of requestresponselink to '$cbs' closed with error. - txEpd= txRef= cmRef= nodeRef= usrTx= rhsRef= commerce= country= 
com.microsoft.azure.servicebus.primitives.ServiceBusException: Error{condition=amqp:connection:forced, description='The connection was inactive for more than the allowed 300000 milliseconds and is closed by container 'LinkTracker'. TrackingId:590a25b519814e55a3ff5491f973d835_G24, SystemTracker:gateway7, Timestamp:2019-03-26T13:37:31', info=null}
	at com.microsoft.azure.servicebus.primitives.ExceptionUtil.toException(ExceptionUtil.java:113)
	at com.microsoft.azure.servicebus.primitives.RequestResponseLink$InternalSender.onClose(RequestResponseLink.java:837)
	at com.microsoft.azure.servicebus.amqp.BaseLinkHandler.processOnClose(BaseLinkHandler.java:68)
	at com.microsoft.azure.servicebus.amqp.BaseLinkHandler.onLinkRemoteClose(BaseLinkHandler.java:42)
	at org.apache.qpid.proton.engine.BaseHandler.handle(BaseHandler.java:176)
	at org.apache.qpid.proton.engine.impl.EventImpl.dispatch(EventImpl.java:108)
	at org.apache.qpid.proton.reactor.impl.ReactorImpl.dispatch(ReactorImpl.java:309)
	at org.apache.qpid.proton.reactor.impl.ReactorImpl.process(ReactorImpl.java:276)
	at com.microsoft.azure.servicebus.primitives.MessagingFactory$RunReactor.run(MessagingFactory.java:481)
	at java.lang.Thread.run(Thread.java:748)
2019-03-26 10:37:32 WARN - Completing all pending requests with exception in request response link to $cbs - txEpd= txRef= cmRef= nodeRef= usrTx= rhsRef= commerce= country= 
2019-03-26 10:37:32 WARN - Internal receive link of requestresponselink to '$cbs' closed with error. - txEpd= txRef= cmRef= nodeRef= usrTx= rhsRef= commerce= country= 
com.microsoft.azure.servicebus.primitives.ServiceBusException: Error{condition=amqp:connection:forced, description='The connection was inactive for more than the allowed 300000 milliseconds and is closed by container 'LinkTracker'. TrackingId:590a25b519814e55a3ff5491f973d835_G24, SystemTracker:gateway7, Timestamp:2019-03-26T13:37:31', info=null}
	at com.microsoft.azure.servicebus.primitives.ExceptionUtil.toException(ExceptionUtil.java:113)
	at com.microsoft.azure.servicebus.primitives.RequestResponseLink$InternalReceiver.onClose(RequestResponseLink.java:630)
	at com.microsoft.azure.servicebus.amqp.BaseLinkHandler.processOnClose(BaseLinkHandler.java:68)
	at com.microsoft.azure.servicebus.amqp.BaseLinkHandler.onLinkRemoteClose(BaseLinkHandler.java:42)
	at org.apache.qpid.proton.engine.BaseHandler.handle(BaseHandler.java:176)
	at org.apache.qpid.proton.engine.impl.EventImpl.dispatch(EventImpl.java:108)
	at org.apache.qpid.proton.reactor.impl.ReactorImpl.dispatch(ReactorImpl.java:309)
	at org.apache.qpid.proton.reactor.impl.ReactorImpl.process(ReactorImpl.java:276)
	at com.microsoft.azure.servicebus.primitives.MessagingFactory$RunReactor.run(MessagingFactory.java:481)
	at java.lang.Thread.run(Thread.java:748)
2019-03-26 10:37:32 WARN - Completing all pending requests with exception in request response link to $cbs - txEpd= txRef= cmRef= nodeRef= usrTx= rhsRef= commerce= country= 
2019-03-26 10:37:32ERROR - Connection error. 'Error{condition=amqp:connection:forced, description='The connection was inactive for more than the allowed 300000 milliseconds and is closed by container 'LinkTracker'. TrackingId:590a25b519814e55a3ff5491f973d835_G24, SystemTracker:gateway7, Timestamp:2019-03-26T13:37:31', info=null}' - txEpd= txRef= cmRef= nodeRef= usrTx= rhsRef= commerce= country= 
2019-03-26 10:37:32 INFO - Closing connection to host - txEpd= txRef= cmRef= nodeRef= usrTx= rhsRef= commerce= country= 
2019-03-26 11:29:39 INFO - PETottusPMM - txEpd= txRef= cmRef= nodeRef= usrTx= rhsRef= commerce= country= 
2019-03-26 11:29:39 INFO - Create Order request. - txEpd= txRef= cmRef= nodeRef= usrTx= rhsRef= commerce= country= 
2019-03-26 11:29:39 INFO - Customer Order Saved successful  - txEpd= txRef= cmRef= nodeRef= usrTx= rhsRef= commerce= country= 
2019-03-26 11:29:39 INFO - Sending OrderCreateEvent integration Event %s - txEpd= txRef= cmRef= nodeRef= usrTx= rhsRef= commerce= country= 
2019-03-26 11:29:39 INFO - Recreating send link to 'tot-corp-orion-orderchanges-topic-mid' - txEpd= txRef= cmRef= nodeRef= usrTx= rhsRef= commerce= country= 
2019-03-26 11:29:39 INFO - RequestResponseLink - recreating internal send and receive links to $cbs - txEpd= txRef= cmRef= nodeRef= usrTx= rhsRef= commerce= country= 
2019-03-26 11:29:39 INFO - Creating connection to host 'tot-corp-orion-int-qa.servicebus.windows.net:5671' - txEpd= txRef= cmRef= nodeRef= usrTx= rhsRef= commerce= country= 
2019-03-26 11:29:41 INFO - Connection opened to host. - txEpd= txRef= cmRef= nodeRef= usrTx= rhsRef= commerce= country= 
2019-03-26 11:29:41 INFO - Recreated internal links to $cbs - txEpd= txRef= cmRef= nodeRef= usrTx= rhsRef= commerce= country= 
2019-03-26 11:29:41 INFO - Creating send link to 'tot-corp-orion-orderchanges-topic-mid' - txEpd= txRef= cmRef= nodeRef= usrTx= rhsRef= commerce= country= 
2019-03-26 11:29:42 INFO - Event published: {"orderId":"234","orderType":1,"orderLine":[{"pc":{"StorePC":{"orderId":null}},"preOrderList":[{"StorePreOrder":{"store":123,"dateDispatch":"2019-01-15","sku":[{"sku":"7373133","quantity":56.0}]}}]},{"pc":{"WarehousePC":{"folioComuna":0,"observation":"string","purchaser":{"customerAddress":"","customerDocumentNumber":"56576672","customerDocumentType":"DNI","customerLastName":"Manrique","customerName":"Angelica","customerPhone":"string"},"receiver":{"receiverAddress":"Santiago Centro, 2332","receiverAddressLocationType":"D","receiverPostalCode":"102","receiverFloor":1,"receiverDocumentType":"DNI","receiverDocumentNumber":"48037257","receiverLastName":"Manrique","receiverSecondLastName":"De Cruch","receiverName":"Esteban","receiverPhone":"34534535","receiverMobile":"+51963720172","receiverEmail":"angela_1707@hotmail.com"}}},"preOrderList":[{"WarehousePreOrder":{"dispatchWh":0,"deliveryWh":0,"salesStore":0,"rutProvider":"string","folioDateDispatch":"2019-03-24","folioHourDispatch":"string","folioSkuDispatch":"string","folioPriceDispatch":120.0,"sku":[{"sku":"7373133","quantity":56.0}]}}]}]} - txEpd= txRef= cmRef= nodeRef= usrTx= rhsRef= commerce= country= 
2019-03-26 11:29:42 INFO - Order Created successful %s  - txEpd= txRef= cmRef= nodeRef= usrTx= rhsRef= commerce= country= 
2019-03-26 11:34:03 WARN - Connection.onTransportError: hostname:tot-corp-orion-int-qa.servicebus.windows.net:5671, error:connection aborted - txEpd= txRef= cmRef= nodeRef= usrTx= rhsRef= commerce= country= 
2019-03-26 11:34:03ERROR - Connection error. 'Error{condition=amqp:connection:framing-error, description='connection aborted', info=null}' - txEpd= txRef= cmRef= nodeRef= usrTx= rhsRef= commerce= country= 
2019-03-26 11:34:03 INFO - Closing connection to host - txEpd= txRef= cmRef= nodeRef= usrTx= rhsRef= commerce= country= 
2019-03-26 11:34:03 WARN - Internal send link of requestresponselink to '$cbs' closed with error. - txEpd= txRef= cmRef= nodeRef= usrTx= rhsRef= commerce= country= 
com.microsoft.azure.servicebus.primitives.ServiceBusException: Error{condition=amqp:connection:framing-error, description='connection aborted', info=null}
	at com.microsoft.azure.servicebus.primitives.ExceptionUtil.toException(ExceptionUtil.java:113)
	at com.microsoft.azure.servicebus.primitives.RequestResponseLink$InternalSender.onClose(RequestResponseLink.java:837)
	at com.microsoft.azure.servicebus.amqp.BaseLinkHandler.processOnClose(BaseLinkHandler.java:68)
	at com.microsoft.azure.servicebus.primitives.MessagingFactory.closeConnection(MessagingFactory.java:373)
	at com.microsoft.azure.servicebus.primitives.MessagingFactory.onConnectionError(MessagingFactory.java:298)
	at com.microsoft.azure.servicebus.amqp.ConnectionHandler.onTransportError(ConnectionHandler.java:84)
	at org.apache.qpid.proton.engine.BaseHandler.handle(BaseHandler.java:191)
	at org.apache.qpid.proton.engine.impl.EventImpl.dispatch(EventImpl.java:108)
	at org.apache.qpid.proton.reactor.impl.ReactorImpl.dispatch(ReactorImpl.java:309)
	at org.apache.qpid.proton.reactor.impl.ReactorImpl.process(ReactorImpl.java:276)
	at com.microsoft.azure.servicebus.primitives.MessagingFactory$RunReactor.run(MessagingFactory.java:481)
	at java.lang.Thread.run(Thread.java:748)
2019-03-26 11:34:03 WARN - Completing all pending requests with exception in request response link to $cbs - txEpd= txRef= cmRef= nodeRef= usrTx= rhsRef= commerce= country= 
2019-03-26 11:34:03 WARN - Internal receive link of requestresponselink to '$cbs' closed with error. - txEpd= txRef= cmRef= nodeRef= usrTx= rhsRef= commerce= country= 
com.microsoft.azure.servicebus.primitives.ServiceBusException: Error{condition=amqp:connection:framing-error, description='connection aborted', info=null}
	at com.microsoft.azure.servicebus.primitives.ExceptionUtil.toException(ExceptionUtil.java:113)
	at com.microsoft.azure.servicebus.primitives.RequestResponseLink$InternalReceiver.onClose(RequestResponseLink.java:630)
	at com.microsoft.azure.servicebus.amqp.BaseLinkHandler.processOnClose(BaseLinkHandler.java:68)
	at com.microsoft.azure.servicebus.primitives.MessagingFactory.closeConnection(MessagingFactory.java:373)
	at com.microsoft.azure.servicebus.primitives.MessagingFactory.onConnectionError(MessagingFactory.java:298)
	at com.microsoft.azure.servicebus.amqp.ConnectionHandler.onTransportError(ConnectionHandler.java:84)
	at org.apache.qpid.proton.engine.BaseHandler.handle(BaseHandler.java:191)
	at org.apache.qpid.proton.engine.impl.EventImpl.dispatch(EventImpl.java:108)
	at org.apache.qpid.proton.reactor.impl.ReactorImpl.dispatch(ReactorImpl.java:309)
	at org.apache.qpid.proton.reactor.impl.ReactorImpl.process(ReactorImpl.java:276)
	at com.microsoft.azure.servicebus.primitives.MessagingFactory$RunReactor.run(MessagingFactory.java:481)
	at java.lang.Thread.run(Thread.java:748)
2019-03-26 11:34:03 WARN - Completing all pending requests with exception in request response link to $cbs - txEpd= txRef= cmRef= nodeRef= usrTx= rhsRef= commerce= country= 
2019-03-26 16:33:53 INFO - PETottusPMM - txEpd= txRef= cmRef= nodeRef= usrTx= rhsRef= commerce= country= 
2019-03-26 16:33:53 INFO - Create Order request. - txEpd= txRef= cmRef= nodeRef= usrTx= rhsRef= commerce= country= 
2019-03-26 16:33:53 INFO - Customer Order Saved successful  - txEpd= txRef= cmRef= nodeRef= usrTx= rhsRef= commerce= country= 
2019-03-26 16:33:53 INFO - Sending OrderCreateEvent integration Event %s - txEpd= txRef= cmRef= nodeRef= usrTx= rhsRef= commerce= country= 
2019-03-26 16:33:53 INFO - Recreating send link to 'tot-corp-orion-orderchanges-topic-mid' - txEpd= txRef= cmRef= nodeRef= usrTx= rhsRef= commerce= country= 
2019-03-26 16:33:53 INFO - RequestResponseLink - recreating internal send and receive links to $cbs - txEpd= txRef= cmRef= nodeRef= usrTx= rhsRef= commerce= country= 
2019-03-26 16:33:53 INFO - Creating connection to host 'tot-corp-orion-int-qa.servicebus.windows.net:5671' - txEpd= txRef= cmRef= nodeRef= usrTx= rhsRef= commerce= country= 
2019-03-26 16:33:54 INFO - Connection opened to host. - txEpd= txRef= cmRef= nodeRef= usrTx= rhsRef= commerce= country= 
2019-03-26 16:33:54 INFO - Recreated internal links to $cbs - txEpd= txRef= cmRef= nodeRef= usrTx= rhsRef= commerce= country= 
2019-03-26 16:33:55 INFO - Creating send link to 'tot-corp-orion-orderchanges-topic-mid' - txEpd= txRef= cmRef= nodeRef= usrTx= rhsRef= commerce= country= 
2019-03-26 16:33:55 INFO - Event published: {"orderId":"234","orderType":1,"orderLine":[{"pc":{"StorePC":{"orderId":null}},"preOrderList":[{"StorePreOrder":{"store":123,"dateDispatch":"2019-01-15","sku":[{"sku":"7373133","quantity":56.0}]}}]},{"pc":{"WarehousePC":{"folioComuna":0,"observation":"string","purchaser":{"customerAddress":"","customerDocumentNumber":"56576672","customerDocumentType":"DNI","customerLastName":"Manrique","customerName":"Angelica","customerPhone":"string"},"receiver":{"receiverAddress":"Santiago Centro, 2332","receiverAddressLocationType":"D","receiverPostalCode":"102","receiverFloor":1,"receiverDocumentType":"DNI","receiverDocumentNumber":"48037257","receiverLastName":"Manrique","receiverSecondLastName":"De Cruch","receiverName":"Esteban","receiverPhone":"34534535","receiverMobile":"+51963720172","receiverEmail":"angela_1707@hotmail.com"}}},"preOrderList":[{"WarehousePreOrder":{"dispatchWh":0,"deliveryWh":0,"salesStore":0,"rutProvider":"string","folioDateDispatch":"2019-03-24","folioHourDispatch":"string","folioSkuDispatch":"string","folioPriceDispatch":120.0,"sku":[{"sku":"7373133","quantity":56.0}]}}]}]} - txEpd= txRef= cmRef= nodeRef= usrTx= rhsRef= commerce= country= 
2019-03-26 16:33:55 INFO - Order Created successful %s  - txEpd= txRef= cmRef= nodeRef= usrTx= rhsRef= commerce= country= 
2019-03-26 16:37:20 INFO - PETottusPMM - txEpd= txRef= cmRef= nodeRef= usrTx= rhsRef= commerce= country= 
2019-03-26 16:37:20 INFO - Create Order request. - txEpd= txRef= cmRef= nodeRef= usrTx= rhsRef= commerce= country= 
2019-03-26 16:37:20 INFO - Customer Order Saved successful  - txEpd= txRef= cmRef= nodeRef= usrTx= rhsRef= commerce= country= 
2019-03-26 16:37:20 INFO - Sending OrderCreateEvent integration Event %s - txEpd= txRef= cmRef= nodeRef= usrTx= rhsRef= commerce= country= 
2019-03-26 16:37:20 INFO - Event published: {"orderId":"234","orderType":1,"orderLine":[{"pc":{"StorePC":{"orderId":null}},"preOrderList":[{"StorePreOrder":{"store":123,"dateDispatch":"2019-01-15","sku":[{"sku":"7373133","quantity":56.0}]}}]},{"pc":{"WarehousePC":{"folioComuna":0,"observation":"string","purchaser":{"customerAddress":"","customerDocumentNumber":"56576672","customerDocumentType":"DNI","customerLastName":"Manrique","customerName":"Angelica","customerPhone":"string"},"receiver":{"receiverAddress":"Santiago Centro, 2332","receiverAddressLocationType":"D","receiverPostalCode":"102","receiverFloor":1,"receiverDocumentType":"DNI","receiverDocumentNumber":"48037257","receiverLastName":"Manrique","receiverSecondLastName":"De Cruch","receiverName":"Esteban","receiverPhone":"34534535","receiverMobile":"+51963720172","receiverEmail":"angela_1707@hotmail.com"}}},"preOrderList":[{"WarehousePreOrder":{"dispatchWh":0,"deliveryWh":0,"salesStore":0,"rutProvider":"string","folioDateDispatch":"2019-03-24","folioHourDispatch":"string","folioSkuDispatch":"string","folioPriceDispatch":120.0,"sku":[{"sku":"7373133","quantity":56.0}]}}]}]} - txEpd= txRef= cmRef= nodeRef= usrTx= rhsRef= commerce= country= 
2019-03-26 16:37:20 INFO - Order Created successful %s  - txEpd= txRef= cmRef= nodeRef= usrTx= rhsRef= commerce= country= 
2019-03-26 16:47:20 WARN - Send link to 'tot-corp-orion-orderchanges-topic-mid' closed. Failing all pending send requests. - txEpd= txRef= cmRef= nodeRef= usrTx= rhsRef= commerce= country= 
2019-03-26 16:47:26 WARN - Connection.onTransportError: hostname:tot-corp-orion-int-qa.servicebus.windows.net:5671, error:connection aborted - txEpd= txRef= cmRef= nodeRef= usrTx= rhsRef= commerce= country= 
2019-03-26 16:47:26ERROR - Connection error. 'Error{condition=amqp:connection:framing-error, description='connection aborted', info=null}' - txEpd= txRef= cmRef= nodeRef= usrTx= rhsRef= commerce= country= 
2019-03-26 16:47:26 INFO - Closing connection to host - txEpd= txRef= cmRef= nodeRef= usrTx= rhsRef= commerce= country= 
2019-03-26 16:47:26 WARN - Internal send link of requestresponselink to '$cbs' closed with error. - txEpd= txRef= cmRef= nodeRef= usrTx= rhsRef= commerce= country= 
com.microsoft.azure.servicebus.primitives.ServiceBusException: Error{condition=amqp:connection:framing-error, description='connection aborted', info=null}
	at com.microsoft.azure.servicebus.primitives.ExceptionUtil.toException(ExceptionUtil.java:113)
	at com.microsoft.azure.servicebus.primitives.RequestResponseLink$InternalSender.onClose(RequestResponseLink.java:837)
	at com.microsoft.azure.servicebus.amqp.BaseLinkHandler.processOnClose(BaseLinkHandler.java:68)
	at com.microsoft.azure.servicebus.primitives.MessagingFactory.closeConnection(MessagingFactory.java:373)
	at com.microsoft.azure.servicebus.primitives.MessagingFactory.onConnectionError(MessagingFactory.java:298)
	at com.microsoft.azure.servicebus.amqp.ConnectionHandler.onTransportError(ConnectionHandler.java:84)
	at org.apache.qpid.proton.engine.BaseHandler.handle(BaseHandler.java:191)
	at org.apache.qpid.proton.engine.impl.EventImpl.dispatch(EventImpl.java:108)
	at org.apache.qpid.proton.reactor.impl.ReactorImpl.dispatch(ReactorImpl.java:309)
	at org.apache.qpid.proton.reactor.impl.ReactorImpl.process(ReactorImpl.java:276)
	at com.microsoft.azure.servicebus.primitives.MessagingFactory$RunReactor.run(MessagingFactory.java:481)
	at java.lang.Thread.run(Thread.java:748)
2019-03-26 16:47:26 WARN - Completing all pending requests with exception in request response link to $cbs - txEpd= txRef= cmRef= nodeRef= usrTx= rhsRef= commerce= country= 
2019-03-26 16:47:26 WARN - Internal receive link of requestresponselink to '$cbs' closed with error. - txEpd= txRef= cmRef= nodeRef= usrTx= rhsRef= commerce= country= 
com.microsoft.azure.servicebus.primitives.ServiceBusException: Error{condition=amqp:connection:framing-error, description='connection aborted', info=null}
	at com.microsoft.azure.servicebus.primitives.ExceptionUtil.toException(ExceptionUtil.java:113)
	at com.microsoft.azure.servicebus.primitives.RequestResponseLink$InternalReceiver.onClose(RequestResponseLink.java:630)
	at com.microsoft.azure.servicebus.amqp.BaseLinkHandler.processOnClose(BaseLinkHandler.java:68)
	at com.microsoft.azure.servicebus.primitives.MessagingFactory.closeConnection(MessagingFactory.java:373)
	at com.microsoft.azure.servicebus.primitives.MessagingFactory.onConnectionError(MessagingFactory.java:298)
	at com.microsoft.azure.servicebus.amqp.ConnectionHandler.onTransportError(ConnectionHandler.java:84)
	at org.apache.qpid.proton.engine.BaseHandler.handle(BaseHandler.java:191)
	at org.apache.qpid.proton.engine.impl.EventImpl.dispatch(EventImpl.java:108)
	at org.apache.qpid.proton.reactor.impl.ReactorImpl.dispatch(ReactorImpl.java:309)
	at org.apache.qpid.proton.reactor.impl.ReactorImpl.process(ReactorImpl.java:276)
	at com.microsoft.azure.servicebus.primitives.MessagingFactory$RunReactor.run(MessagingFactory.java:481)
	at java.lang.Thread.run(Thread.java:748)
2019-03-26 16:47:26 WARN - Completing all pending requests with exception in request response link to $cbs - txEpd= txRef= cmRef= nodeRef= usrTx= rhsRef= commerce= country= 
2019-03-26 16:49:28 INFO - PETottusPMM - txEpd= txRef= cmRef= nodeRef= usrTx= rhsRef= commerce= country= 
2019-03-26 16:49:28 INFO - Create Order request. - txEpd= txRef= cmRef= nodeRef= usrTx= rhsRef= commerce= country= 
2019-03-26 16:49:28 INFO - Customer Order Saved successful  - txEpd= txRef= cmRef= nodeRef= usrTx= rhsRef= commerce= country= 
2019-03-26 16:49:28 INFO - Sending OrderCreateEvent integration Event %s - txEpd= txRef= cmRef= nodeRef= usrTx= rhsRef= commerce= country= 
2019-03-26 16:49:28 INFO - Recreating send link to 'tot-corp-orion-orderchanges-topic-mid' - txEpd= txRef= cmRef= nodeRef= usrTx= rhsRef= commerce= country= 
2019-03-26 16:49:28 INFO - RequestResponseLink - recreating internal send and receive links to $cbs - txEpd= txRef= cmRef= nodeRef= usrTx= rhsRef= commerce= country= 
2019-03-26 16:49:28 INFO - Creating connection to host 'tot-corp-orion-int-qa.servicebus.windows.net:5671' - txEpd= txRef= cmRef= nodeRef= usrTx= rhsRef= commerce= country= 
2019-03-26 16:49:49 WARN - Connection.onTransportError: hostname:tot-corp-orion-int-qa.servicebus.windows.net:5671, error:connection aborted - txEpd= txRef= cmRef= nodeRef= usrTx= rhsRef= commerce= country= 
2019-03-26 16:49:49ERROR - Connection error. 'Error{condition=amqp:connection:framing-error, description='connection aborted', info=null}' - txEpd= txRef= cmRef= nodeRef= usrTx= rhsRef= commerce= country= 
2019-03-26 16:49:49 INFO - Closing connection to host - txEpd= txRef= cmRef= nodeRef= usrTx= rhsRef= commerce= country= 
2019-03-26 16:49:58 WARN - Request with id:request:4 timed out - txEpd= txRef= cmRef= nodeRef= usrTx= rhsRef= commerce= country= 
2019-03-26 16:49:58 WARN - Recreating internal links of requestresponselink timed out. - txEpd= txRef= cmRef= nodeRef= usrTx= rhsRef= commerce= country= 
com.microsoft.azure.servicebus.primitives.TimeoutException: Recreating internal links of requestresponselink to $cbs.
	at com.microsoft.azure.servicebus.primitives.RequestResponseLink$4.run(RequestResponseLink.java:319)
	at java.util.concurrent.Executors$RunnableAdapter.call(Executors.java:511)
	at java.util.concurrent.FutureTask.run(FutureTask.java:266)
	at java.util.concurrent.ScheduledThreadPoolExecutor$ScheduledFutureTask.access$201(ScheduledThreadPoolExecutor.java:180)
	at java.util.concurrent.ScheduledThreadPoolExecutor$ScheduledFutureTask.run(ScheduledThreadPoolExecutor.java:293)
	at java.util.concurrent.ThreadPoolExecutor.runWorker(ThreadPoolExecutor.java:1149)
	at java.util.concurrent.ThreadPoolExecutor$Worker.run(ThreadPoolExecutor.java:624)
	at java.lang.Thread.run(Thread.java:748)
2019-03-26 16:49:58 WARN - Delivery '858388623bac4d298929084699e82bf0' to 'tot-corp-orion-orderchanges-topic-mid' did not receive ack from service. Throwing timeout. - txEpd= txRef= cmRef= nodeRef= usrTx= rhsRef= commerce= country= 
2019-03-26 16:49:58 WARN - Recreating internal links of reqestresponselink '$cbs' failed. - txEpd= txRef= cmRef= nodeRef= usrTx= rhsRef= commerce= country= 
com.microsoft.azure.servicebus.primitives.TimeoutException: Recreating internal links of requestresponselink to $cbs.
	at com.microsoft.azure.servicebus.primitives.RequestResponseLink$4.run(RequestResponseLink.java:319)
	at java.util.concurrent.Executors$RunnableAdapter.call(Executors.java:511)
	at java.util.concurrent.FutureTask.run(FutureTask.java:266)
	at java.util.concurrent.ScheduledThreadPoolExecutor$ScheduledFutureTask.access$201(ScheduledThreadPoolExecutor.java:180)
	at java.util.concurrent.ScheduledThreadPoolExecutor$ScheduledFutureTask.run(ScheduledThreadPoolExecutor.java:293)
	at java.util.concurrent.ThreadPoolExecutor.runWorker(ThreadPoolExecutor.java:1149)
	at java.util.concurrent.ThreadPoolExecutor$Worker.run(ThreadPoolExecutor.java:624)
	at java.lang.Thread.run(Thread.java:748)
2019-03-26 16:49:58ERROR - Send timed out - txEpd= txRef= cmRef= nodeRef= usrTx= rhsRef= commerce= country= 
com.microsoft.azure.servicebus.primitives.TimeoutException: Send operation timed out  at  2019-03-26T16:49:58.519-03:00[America/Santiago].
	at com.microsoft.azure.servicebus.primitives.CoreMessageSender.throwSenderTimeout(CoreMessageSender.java:868)
	at com.microsoft.azure.servicebus.primitives.CoreMessageSender.access$500(CoreMessageSender.java:59)
	at com.microsoft.azure.servicebus.primitives.CoreMessageSender$3.run(CoreMessageSender.java:247)
	at java.util.concurrent.Executors$RunnableAdapter.call(Executors.java:511)
	at java.util.concurrent.FutureTask.run(FutureTask.java:266)
	at java.util.concurrent.ScheduledThreadPoolExecutor$ScheduledFutureTask.access$201(ScheduledThreadPoolExecutor.java:180)
	at java.util.concurrent.ScheduledThreadPoolExecutor$ScheduledFutureTask.run(ScheduledThreadPoolExecutor.java:293)
	at java.util.concurrent.ThreadPoolExecutor.runWorker(ThreadPoolExecutor.java:1149)
	at java.util.concurrent.ThreadPoolExecutor$Worker.run(ThreadPoolExecutor.java:624)
	at java.lang.Thread.run(Thread.java:748)
2019-03-26 16:49:58ERROR - Error sending event. Send operation timed out  at  2019-03-26T16:49:58.519-03:00[America/Santiago]., errorContext[NS: tot-corp-orion-int-qa.servicebus.windows.net, PATH: tot-corp-orion-orderchanges-topic-mid, REFERENCE_ID: 1ca399_34a5eb08f6034053862dc9a01f5942c8_G14, LINK_CREDIT: 998] - txEpd= txRef= cmRef= nodeRef= usrTx= rhsRef= commerce= country= 
2019-03-26 16:49:58 INFO - Event published: {"orderId":"234","orderType":1,"orderLine":[{"pc":{"StorePC":{"orderId":null}},"preOrderList":[{"StorePreOrder":{"store":123,"dateDispatch":"2019-01-15","sku":[{"sku":"7373133","quantity":56.0}]}}]},{"pc":{"WarehousePC":{"folioComuna":0,"observation":"string","purchaser":{"customerAddress":"","customerDocumentNumber":"56576672","customerDocumentType":"DNI","customerLastName":"Manrique","customerName":"Angelica","customerPhone":"string"},"receiver":{"receiverAddress":"Santiago Centro, 2332","receiverAddressLocationType":"D","receiverPostalCode":"102","receiverFloor":1,"receiverDocumentType":"DNI","receiverDocumentNumber":"48037257","receiverLastName":"Manrique","receiverSecondLastName":"De Cruch","receiverName":"Esteban","receiverPhone":"34534535","receiverMobile":"+51963720172","receiverEmail":"angela_1707@hotmail.com"}}},"preOrderList":[{"WarehousePreOrder":{"dispatchWh":0,"deliveryWh":0,"salesStore":0,"rutProvider":"string","folioDateDispatch":"2019-03-24","folioHourDispatch":"string","folioSkuDispatch":"string","folioPriceDispatch":120.0,"sku":[{"sku":"7373133","quantity":56.0}]}}]}]} - txEpd= txRef= cmRef= nodeRef= usrTx= rhsRef= commerce= country= 
2019-03-26 16:49:58 INFO - Order not Created  - txEpd= txRef= cmRef= nodeRef= usrTx= rhsRef= commerce= country= 
2019-03-26 16:50:13 INFO - PETottusPMM - txEpd= txRef= cmRef= nodeRef= usrTx= rhsRef= commerce= country= 
2019-03-26 16:50:13 INFO - Create Order request. - txEpd= txRef= cmRef= nodeRef= usrTx= rhsRef= commerce= country= 
2019-03-26 16:50:13 INFO - Customer Order Saved successful  - txEpd= txRef= cmRef= nodeRef= usrTx= rhsRef= commerce= country= 
2019-03-26 16:50:13 INFO - Sending OrderCreateEvent integration Event %s - txEpd= txRef= cmRef= nodeRef= usrTx= rhsRef= commerce= country= 
2019-03-26 16:50:43 WARN - Delivery '26e7e49978474707b1c2988a9ef04584' to 'tot-corp-orion-orderchanges-topic-mid' did not receive ack from service. Throwing timeout. - txEpd= txRef= cmRef= nodeRef= usrTx= rhsRef= commerce= country= 
2019-03-26 16:50:43ERROR - Send timed out - txEpd= txRef= cmRef= nodeRef= usrTx= rhsRef= commerce= country= 
com.microsoft.azure.servicebus.primitives.TimeoutException: Send operation timed out  at  2019-03-26T16:50:43.503-03:00[America/Santiago].
	at com.microsoft.azure.servicebus.primitives.CoreMessageSender.throwSenderTimeout(CoreMessageSender.java:868)
	at com.microsoft.azure.servicebus.primitives.CoreMessageSender.access$500(CoreMessageSender.java:59)
	at com.microsoft.azure.servicebus.primitives.CoreMessageSender$3.run(CoreMessageSender.java:247)
	at java.util.concurrent.Executors$RunnableAdapter.call(Executors.java:511)
	at java.util.concurrent.FutureTask.run(FutureTask.java:266)
	at java.util.concurrent.ScheduledThreadPoolExecutor$ScheduledFutureTask.access$201(ScheduledThreadPoolExecutor.java:180)
	at java.util.concurrent.ScheduledThreadPoolExecutor$ScheduledFutureTask.run(ScheduledThreadPoolExecutor.java:293)
	at java.util.concurrent.ThreadPoolExecutor.runWorker(ThreadPoolExecutor.java:1149)
	at java.util.concurrent.ThreadPoolExecutor$Worker.run(ThreadPoolExecutor.java:624)
	at java.lang.Thread.run(Thread.java:748)
2019-03-26 16:50:43ERROR - Error sending event. Send operation timed out  at  2019-03-26T16:50:43.503-03:00[America/Santiago]., errorContext[NS: tot-corp-orion-int-qa.servicebus.windows.net, PATH: tot-corp-orion-orderchanges-topic-mid, REFERENCE_ID: 1ca399_34a5eb08f6034053862dc9a01f5942c8_G14, LINK_CREDIT: 998] - txEpd= txRef= cmRef= nodeRef= usrTx= rhsRef= commerce= country= 
2019-03-26 16:50:43 INFO - Event published: {"orderId":"234","orderType":1,"orderLine":[{"pc":{"StorePC":{"orderId":null}},"preOrderList":[{"StorePreOrder":{"store":123,"dateDispatch":"2019-01-15","sku":[{"sku":"7373133","quantity":56.0}]}}]},{"pc":{"WarehousePC":{"folioComuna":0,"observation":"string","purchaser":{"customerAddress":"","customerDocumentNumber":"56576672","customerDocumentType":"DNI","customerLastName":"Manrique","customerName":"Angelica","customerPhone":"string"},"receiver":{"receiverAddress":"Santiago Centro, 2332","receiverAddressLocationType":"D","receiverPostalCode":"102","receiverFloor":1,"receiverDocumentType":"DNI","receiverDocumentNumber":"48037257","receiverLastName":"Manrique","receiverSecondLastName":"De Cruch","receiverName":"Esteban","receiverPhone":"34534535","receiverMobile":"+51963720172","receiverEmail":"angela_1707@hotmail.com"}}},"preOrderList":[{"WarehousePreOrder":{"dispatchWh":0,"deliveryWh":0,"salesStore":0,"rutProvider":"string","folioDateDispatch":"2019-03-24","folioHourDispatch":"string","folioSkuDispatch":"string","folioPriceDispatch":120.0,"sku":[{"sku":"7373133","quantity":56.0}]}}]}]} - txEpd= txRef= cmRef= nodeRef= usrTx= rhsRef= commerce= country= 
2019-03-26 16:50:43 INFO - Order not Created  - txEpd= txRef= cmRef= nodeRef= usrTx= rhsRef= commerce= country= 
2019-03-26 16:55:23 INFO - Application shutdown requested. - txEpd= txRef= cmRef= nodeRef= usrTx= rhsRef= commerce= country= 
2019-03-26 16:55:23 INFO - Application shutdown requested. - txEpd= txRef= cmRef= nodeRef= usrTx= rhsRef= commerce= country= 
2019-03-26 16:55:24 INFO - Application shutdown requested. - txEpd= txRef= cmRef= nodeRef= usrTx= rhsRef= commerce= country= 
2019-03-26 16:55:24 INFO - Shutting down ExecutorService 'applicationTaskExecutor' - txEpd= txRef= cmRef= nodeRef= usrTx= rhsRef= commerce= country= 
2019-03-26 16:55:24 INFO - Application shutdown requested. - txEpd= txRef= cmRef= nodeRef= usrTx= rhsRef= commerce= country= 
2019-03-26 17:03:52 INFO - Neither @ContextConfiguration nor @ContextHierarchy found for test class [rtl.tot.corp.sche.ormg.ordermanagement.ordermanagement.OrderManagementApplicationTests], using SpringBootContextLoader - txEpd= txRef= cmRef= nodeRef= usrTx= rhsRef= commerce= country= 
2019-03-26 17:03:52 INFO - Could not detect default resource locations for test class [rtl.tot.corp.sche.ormg.ordermanagement.ordermanagement.OrderManagementApplicationTests]: no resource found for suffixes {-context.xml, Context.groovy}. - txEpd= txRef= cmRef= nodeRef= usrTx= rhsRef= commerce= country= 
2019-03-26 17:03:52 INFO - Could not detect default configuration classes for test class [rtl.tot.corp.sche.ormg.ordermanagement.ordermanagement.OrderManagementApplicationTests]: OrderManagementApplicationTests does not declare any static, non-private, non-final, nested classes annotated with @Configuration. - txEpd= txRef= cmRef= nodeRef= usrTx= rhsRef= commerce= country= 
2019-03-26 17:03:53 INFO - Found @SpringBootConfiguration rtl.tot.corp.sche.ormg.ordermanagement.OrderManagementApplication for test class rtl.tot.corp.sche.ormg.ordermanagement.ordermanagement.OrderManagementApplicationTests - txEpd= txRef= cmRef= nodeRef= usrTx= rhsRef= commerce= country= 
2019-03-26 17:03:53 INFO - Loaded default TestExecutionListener class names from location [META-INF/spring.factories]: [org.springframework.test.context.web.ServletTestExecutionListener, org.springframework.test.context.support.DirtiesContextBeforeModesTestExecutionListener, org.springframework.test.context.support.DependencyInjectionTestExecutionListener, org.springframework.test.context.support.DirtiesContextTestExecutionListener, org.springframework.test.context.transaction.TransactionalTestExecutionListener, org.springframework.test.context.jdbc.SqlScriptsTestExecutionListener, org.springframework.boot.test.autoconfigure.restdocs.RestDocsTestExecutionListener, org.springframework.boot.test.autoconfigure.web.client.MockRestServiceServerResetTestExecutionListener, org.springframework.boot.test.autoconfigure.web.servlet.MockMvcPrintOnlyOnFailureTestExecutionListener, org.springframework.boot.test.autoconfigure.web.servlet.WebDriverTestExecutionListener, org.springframework.boot.test.mock.mockito.MockitoTestExecutionListener, org.springframework.boot.test.mock.mockito.ResetMocksTestExecutionListener] - txEpd= txRef= cmRef= nodeRef= usrTx= rhsRef= commerce= country= 
2019-03-26 17:03:53 INFO - Using TestExecutionListeners: [org.springframework.test.context.web.ServletTestExecutionListener@222fdd2, org.springframework.test.context.support.DirtiesContextBeforeModesTestExecutionListener@639fc6ad, org.springframework.boot.test.mock.mockito.MockitoTestExecutionListener@38706203, org.springframework.boot.test.autoconfigure.SpringBootDependencyInjectionTestExecutionListener@29b72cf6, org.springframework.test.context.support.DirtiesContextTestExecutionListener@3cee987f, org.springframework.test.context.transaction.TransactionalTestExecutionListener@21599be1, org.springframework.test.context.jdbc.SqlScriptsTestExecutionListener@1a8285b3, org.springframework.boot.test.autoconfigure.restdocs.RestDocsTestExecutionListener@a42da89, org.springframework.boot.test.autoconfigure.web.client.MockRestServiceServerResetTestExecutionListener@422786de, org.springframework.boot.test.autoconfigure.web.servlet.MockMvcPrintOnlyOnFailureTestExecutionListener@2f4c8be8, org.springframework.boot.test.autoconfigure.web.servlet.WebDriverTestExecutionListener@216d3caf, org.springframework.boot.test.mock.mockito.ResetMocksTestExecutionListener@3d672c99] - txEpd= txRef= cmRef= nodeRef= usrTx= rhsRef= commerce= country= 
2019-03-26 17:03:54 WARN - 

Found multiple occurrences of org.json.JSONObject on the class path:

	jar:file:/C:/Users/ext_lavergarav/.gradle/caches/modules-2/files-2.1/org.json/json/20171018/36ced462c97f0845b4a7b266a25cebe95d18baa3/json-20171018.jar!/org/json/JSONObject.class
	jar:file:/C:/Users/ext_lavergarav/.gradle/caches/modules-2/files-2.1/com.vaadin.external.google/android-json/0.0.20131108.vaadin1/fa26d351fe62a6a17f5cda1287c1c6110dec413f/android-json-0.0.20131108.vaadin1.jar!/org/json/JSONObject.class

You may wish to exclude one of them to ensure predictable runtime behavior
 - txEpd= txRef= cmRef= nodeRef= usrTx= rhsRef= commerce= country= 
2019-03-26 17:03:54 INFO - Starting OrderManagementApplicationTests on MOEXT_LAVER with PID 11128 (started by ext_lavergarav in C:\addesa\API\Peru\Tottus\Orion\Desarrollo\order\cmd\order-management) - txEpd= txRef= cmRef= nodeRef= usrTx= rhsRef= commerce= country= 
2019-03-26 17:03:54 INFO - No active profile set, falling back to default profiles: default - txEpd= txRef= cmRef= nodeRef= usrTx= rhsRef= commerce= country= 
2019-03-26 17:03:57 INFO - Bootstrapping Spring Data repositories in DEFAULT mode. - txEpd= txRef= cmRef= nodeRef= usrTx= rhsRef= commerce= country= 
2019-03-26 17:03:57 INFO - Finished Spring Data repository scanning in 145ms. Found 1 repository interfaces. - txEpd= txRef= cmRef= nodeRef= usrTx= rhsRef= commerce= country= 
2019-03-26 17:03:58 INFO - Bean 'org.springframework.hateoas.config.HateoasConfiguration' of type [org.springframework.hateoas.config.HateoasConfiguration$$EnhancerBySpringCGLIB$$3ea4ed7c] is not eligible for getting processed by all BeanPostProcessors (for example: not eligible for auto-proxying) - txEpd= txRef= cmRef= nodeRef= usrTx= rhsRef= commerce= country= 
2019-03-26 17:03:58 INFO - Initializing DocumentClient with serviceEndpoint [https://tot-pe-sche-ormg-order-qa.documents.azure.com:443/], ConnectionPolicy [ConnectionPolicy [requestTimeout=60, mediaRequestTimeout=300, connectionMode=Gateway, mediaReadMode=Buffered, maxPoolSize=100, idleConnectionTimeout=60, userAgentSuffix=, retryOptions=com.microsoft.azure.documentdb.RetryOptions@7c57bb66, enableEndpointDiscovery=true, preferredLocations=null]], ConsistencyLevel [Session] - txEpd= txRef= cmRef= nodeRef= usrTx= rhsRef= commerce= country= 
2019-03-26 17:04:02 INFO - Creating MessagingFactory to namespace 'sb://tot-corp-orion-int-qa.servicebus.windows.net/' - txEpd= txRef= cmRef= nodeRef= usrTx= rhsRef= commerce= country= 
2019-03-26 17:04:02 INFO - Creating messaging factory from namespace endpoint uri 'sb://tot-corp-orion-int-qa.servicebus.windows.net/' - txEpd= txRef= cmRef= nodeRef= usrTx= rhsRef= commerce= country= 
2019-03-26 17:04:02 INFO - Creating and starting reactor - txEpd= txRef= cmRef= nodeRef= usrTx= rhsRef= commerce= country= 
2019-03-26 17:04:02 INFO - starting reactor instance. - txEpd= txRef= cmRef= nodeRef= usrTx= rhsRef= commerce= country= 
2019-03-26 17:04:02 INFO - Started reactor - txEpd= txRef= cmRef= nodeRef= usrTx= rhsRef= commerce= country= 
2019-03-26 17:04:02 INFO - Creating connection to host 'tot-corp-orion-int-qa.servicebus.windows.net:5671' - txEpd= txRef= cmRef= nodeRef= usrTx= rhsRef= commerce= country= 
2019-03-26 17:04:03 INFO - MessagingFactory opened. - txEpd= txRef= cmRef= nodeRef= usrTx= rhsRef= commerce= country= 
2019-03-26 17:04:03 INFO - Connection opened to host. - txEpd= txRef= cmRef= nodeRef= usrTx= rhsRef= commerce= country= 
2019-03-26 17:04:03 INFO - Created MessagingFactory to namespace 'sb://tot-corp-orion-int-qa.servicebus.windows.net/' - txEpd= txRef= cmRef= nodeRef= usrTx= rhsRef= commerce= country= 
2019-03-26 17:04:03 INFO - Creating MessageSender to entity 'tot-corp-orion-orderchanges-topic-mid' - txEpd= txRef= cmRef= nodeRef= usrTx= rhsRef= commerce= country= 
2019-03-26 17:04:03 INFO - Creating CBS link to $cbs - txEpd= txRef= cmRef= nodeRef= usrTx= rhsRef= commerce= country= 
2019-03-26 17:04:03 INFO - Creating core message sender to 'tot-corp-orion-orderchanges-topic-mid' - txEpd= txRef= cmRef= nodeRef= usrTx= rhsRef= commerce= country= 
2019-03-26 17:04:03 INFO - Opened requestresponselink to $cbs - txEpd= txRef= cmRef= nodeRef= usrTx= rhsRef= commerce= country= 
2019-03-26 17:04:03 INFO - Created CBS link to $cbs - txEpd= txRef= cmRef= nodeRef= usrTx= rhsRef= commerce= country= 
2019-03-26 17:04:04 INFO - Creating send link to 'tot-corp-orion-orderchanges-topic-mid' - txEpd= txRef= cmRef= nodeRef= usrTx= rhsRef= commerce= country= 
2019-03-26 17:04:04 INFO - Opened send link to 'tot-corp-orion-orderchanges-topic-mid' - txEpd= txRef= cmRef= nodeRef= usrTx= rhsRef= commerce= country= 
2019-03-26 17:04:04 INFO - Created MessageSender to entity 'tot-corp-orion-orderchanges-topic-mid' - txEpd= txRef= cmRef= nodeRef= usrTx= rhsRef= commerce= country= 
2019-03-26 17:04:04 INFO - Created topic client to connection string 'Endpoint=sb://tot-corp-orion-int-qa.servicebus.windows.net/;EntityPath=tot-corp-orion-orderchanges-topic-mid;' - txEpd= txRef= cmRef= nodeRef= usrTx= rhsRef= commerce= country= 
2019-03-26 17:04:07 INFO - Exposing 2 endpoint(s) beneath base path '/actuator' - txEpd= txRef= cmRef= nodeRef= usrTx= rhsRef= commerce= country= 
2019-03-26 17:04:08 INFO - Mapped URL path [/v2/api-docs] onto method [public org.springframework.http.ResponseEntity<springfox.documentation.spring.web.json.Json> springfox.documentation.swagger2.web.Swagger2Controller.getDocumentation(java.lang.String,javax.servlet.http.HttpServletRequest)] - txEpd= txRef= cmRef= nodeRef= usrTx= rhsRef= commerce= country= 
2019-03-26 17:04:09 INFO - Initializing ExecutorService 'applicationTaskExecutor' - txEpd= txRef= cmRef= nodeRef= usrTx= rhsRef= commerce= country= 
2019-03-26 17:04:10 INFO - Context refreshed - txEpd= txRef= cmRef= nodeRef= usrTx= rhsRef= commerce= country= 
2019-03-26 17:04:10 INFO - Found 1 custom documentation plugin(s) - txEpd= txRef= cmRef= nodeRef= usrTx= rhsRef= commerce= country= 
2019-03-26 17:04:10 INFO - Scanning for api listing references - txEpd= txRef= cmRef= nodeRef= usrTx= rhsRef= commerce= country= 
2019-03-26 17:04:10 INFO - Started OrderManagementApplicationTests in 17.553 seconds (JVM running for 20.269) - txEpd= txRef= cmRef= nodeRef= usrTx= rhsRef= commerce= country= 
2019-03-26 17:04:11 INFO - Shutting down ExecutorService 'applicationTaskExecutor' - txEpd= txRef= cmRef= nodeRef= usrTx= rhsRef= commerce= country= 
